<?xml version="1.0" encoding="UTF-8" ?>
<testsuite errors="2" failures="0" hostname="SeanFine-PC" name="aero.nettracer.web.defaul.testing.TestJetBlue" tests="0" time="1805.623" timestamp="2013-03-25T19:01:02">
  <properties>
    <property name="ant.project.invoked-targets" value="testParallel"></property>
    <property name="java.runtime.name" value="Java(TM) SE Runtime Environment"></property>
    <property name="sun.boot.library.path" value="C:\Program Files\Java\jdk1.6.0_41\jre\bin"></property>
    <property name="java.vm.version" value="20.14-b01"></property>
    <property name="ant.library.dir" value="C:\eclipse\plugins\org.apache.ant_1.8.3.v20120321-1730\lib"></property>
    <property name="ant.version" value="Apache Ant(TM) version 1.8.3 compiled on February 26 2012"></property>
    <property name="ant.java.version" value="1.6"></property>
    <property name="java.vm.vendor" value="Sun Microsystems Inc."></property>
    <property name="java.vendor.url" value="http://java.sun.com/"></property>
    <property name="path.separator" value=";"></property>
    <property name="java.vm.name" value="Java HotSpot(TM) 64-Bit Server VM"></property>
    <property name="file.encoding.pkg" value="sun.io"></property>
    <property name="user.country" value="US"></property>
    <property name="sun.java.launcher" value="SUN_STANDARD"></property>
    <property name="sun.os.patch.level" value="Service Pack 1"></property>
    <property name="java.vm.specification.name" value="Java Virtual Machine Specification"></property>
    <property name="user.dir" value="C:\Users\SeanFine\workspace\Selenium_Project"></property>
    <property name="java.runtime.version" value="1.6.0_41-b02"></property>
    <property name="java.awt.graphicsenv" value="sun.awt.Win32GraphicsEnvironment"></property>
    <property name="eclipse.pdebuild.scripts" value="/C:/eclipse/plugins/org.eclipse.pde.build_3.8.1.v20120725-202643/scripts/"></property>
    <property name="basedir" value="C:\Users\SeanFine\workspace\Selenium_Project"></property>
    <property name="java.endorsed.dirs" value="C:\Program Files\Java\jdk1.6.0_41\jre\lib\endorsed"></property>
    <property name="os.arch" value="amd64"></property>
    <property name="ant.project.default-target" value="test"></property>
    <property name="java.io.tmpdir" value="C:\Users\SeanFine\AppData\Local\Temp\"></property>
    <property name="ant.core.lib" value="C:\eclipse\plugins\org.apache.ant_1.8.3.v20120321-1730\lib\ant.jar"></property>
    <property name="line.separator" value="
"></property>
    <property name="java.vm.specification.vendor" value="Sun Microsystems Inc."></property>
    <property name="user.variant" value=""></property>
    <property name="os.name" value="Windows 7"></property>
    <property name="ant.home" value="C:\eclipse\plugins\org.apache.ant_1.8.3.v20120321-1730"></property>
    <property name="eclipse.pdebuild.templates" value="/C:/eclipse/plugins/org.eclipse.pde.build_3.8.1.v20120725-202643/templates/"></property>
    <property name="sun.jnu.encoding" value="Cp1252"></property>
    <property name="java.library.path" value="C:\Program Files\Java\jdk1.6.0_41\jre\bin;C:\Windows\Sun\Java\bin;C:\Windows\system32;C:\Windows;C:\Windows\system32;C:\Windows;C:\Windows\System32\Wbem;C:\Windows\System32\WindowsPowerShell\v1.0\;C:\Program Files\MySQL\MySQL Server 5.5\bin; C:\Program Files\Java\jdk1.6.0_41\bin; C:\apache-maven/bin;."></property>
    <property name="eclipse.pdebuild.home" value="/C:/eclipse/plugins/org.eclipse.pde.build_3.8.1.v20120725-202643/./"></property>
    <property name="java.class.version" value="50.0"></property>
    <property name="java.specification.name" value="Java Platform API Specification"></property>
    <property name="sun.management.compiler" value="HotSpot 64-Bit Tiered Compilers"></property>
    <property name="os.version" value="6.1"></property>
    <property name="ant.file" value="C:\Users\SeanFine\workspace\Selenium_Project\build.xml"></property>
    <property name="user.home" value="C:\Users\SeanFine"></property>
    <property name="user.timezone" value=""></property>
    <property name="java.awt.printerjob" value="sun.awt.windows.WPrinterJob"></property>
    <property name="file.encoding" value="Cp1252"></property>
    <property name="java.specification.version" value="1.6"></property>
    <property name="builddir" value="C:\Users\SeanFine\workspace\Selenium_Project\build"></property>
    <property name="user.name" value="SeanFine"></property>
    <property name="java.class.path" value="C:\Users\SeanFine\workspace\Selenium_Project\build;C:\Users\SeanFine\workspace\Selenium_Project\lib\junit-4.10.jar;C:\Users\SeanFine\workspace\Selenium_Project\lib\selenium-java-client-driver.jar;C:\Users\SeanFine\workspace\Selenium_Project\lib\selenium-server.jar;C:\eclipse\plugins\org.apache.ant_1.8.3.v20120321-1730\lib\ant-launcher.jar;C:\eclipse\plugins\org.apache.ant_1.8.3.v20120321-1730\lib\ant.jar;C:\eclipse\plugins\org.apache.ant_1.8.3.v20120321-1730\lib\ant-junit.jar;C:\eclipse\plugins\org.apache.ant_1.8.3.v20120321-1730\lib\ant-junit4.jar"></property>
    <property name="java.vm.specification.version" value="1.0"></property>
    <property name="sun.java.command" value="org.apache.tools.ant.taskdefs.optional.junit.JUnitTestRunner aero.nettracer.web.defaul.testing.TestJetBlue filtertrace=true haltOnError=false haltOnFailure=false formatter=org.apache.tools.ant.taskdefs.optional.junit.SummaryJUnitResultFormatter showoutput=true outputtoformatters=true logfailedtests=true logtestlistenerevents=false formatter=org.apache.tools.ant.taskdefs.optional.junit.XMLJUnitResultFormatter,C:\Users\SeanFine\workspace\Selenium_Project\TEST-aero.nettracer.web.defaul.testing.TestJetBlue.xml crashfile=C:\Users\SeanFine\workspace\Selenium_Project\junitvmwatcher9109010966930258041.properties propsfile=C:\Users\SeanFine\workspace\Selenium_Project\junit7024729021912150277.properties"></property>
    <property name="java.home" value="C:\Program Files\Java\jdk1.6.0_41\jre"></property>
    <property name="sun.arch.data.model" value="64"></property>
    <property name="java.specification.vendor" value="Sun Microsystems Inc."></property>
    <property name="srcdir" value="C:\Users\SeanFine\workspace\Selenium_Project\src"></property>
    <property name="user.language" value="en"></property>
    <property name="awt.toolkit" value="sun.awt.windows.WToolkit"></property>
    <property name="java.vm.info" value="mixed mode"></property>
    <property name="java.version" value="1.6.0_41"></property>
    <property name="java.ext.dirs" value="C:\Program Files\Java\jdk1.6.0_41\jre\lib\ext;C:\Windows\Sun\Java\lib\ext"></property>
    <property name="sun.boot.class.path" value="C:\Program Files\Java\jdk1.6.0_41\jre\lib\resources.jar;C:\Program Files\Java\jdk1.6.0_41\jre\lib\rt.jar;C:\Program Files\Java\jdk1.6.0_41\jre\lib\sunrsasign.jar;C:\Program Files\Java\jdk1.6.0_41\jre\lib\jsse.jar;C:\Program Files\Java\jdk1.6.0_41\jre\lib\jce.jar;C:\Program Files\Java\jdk1.6.0_41\jre\lib\charsets.jar;C:\Program Files\Java\jdk1.6.0_41\jre\lib\modules\jdk.boot.jar;C:\Program Files\Java\jdk1.6.0_41\jre\classes"></property>
    <property name="java.vendor" value="Sun Microsystems Inc."></property>
    <property name="file.separator" value="\"></property>
    <property name="java.vendor.url.bug" value="http://java.sun.com/cgi-bin/bugreport.cgi"></property>
    <property name="sun.cpu.endian" value="little"></property>
    <property name="sun.io.unicode.encoding" value="UnicodeLittle"></property>
    <property name="selenium.port" value="4446"></property>
    <property name="sun.desktop" value="windows"></property>
    <property name="sun.cpu.isalist" value="amd64"></property>
  </properties>
  <testcase classname="junit.framework.TestSuite" name="aero.nettracer.web.defaul.testing.TestJetBlue" time="0.0">
    <error message="Could not start Selenium session: Failed to start new browser session: Error while launching browser" type="java.lang.RuntimeException">java.lang.RuntimeException: Could not start Selenium session: Failed to start new browser session: Error while launching browser
	at com.thoughtworks.selenium.DefaultSelenium.start(DefaultSelenium.java:89)
	at aero.nettracer.web.utility.SeleniumTestBrowserDefault.initBrowser(Unknown Source)
	at aero.nettracer.web.defaul.testing.TestJetBlue.oneTimeSetUp(Unknown Source)
Caused by: com.thoughtworks.selenium.SeleniumException: Failed to start new browser session: Error while launching browser
	at com.thoughtworks.selenium.HttpCommandProcessor.throwAssertionFailureExceptionOrError(HttpCommandProcessor.java:97)
	at com.thoughtworks.selenium.HttpCommandProcessor.doCommand(HttpCommandProcessor.java:91)
	at com.thoughtworks.selenium.HttpCommandProcessor.getString(HttpCommandProcessor.java:262)
	at com.thoughtworks.selenium.HttpCommandProcessor.start(HttpCommandProcessor.java:223)
	at com.thoughtworks.selenium.DefaultSelenium.start(DefaultSelenium.java:81)
</error>
  </testcase>
  <testcase classname="junit.framework.TestSuite" name="aero.nettracer.web.defaul.testing.TestJetBlue" time="0.0">
    <error message="ERROR Server Exception: sessionId should not be null; has this session been started yet?" type="com.thoughtworks.selenium.SeleniumException">com.thoughtworks.selenium.SeleniumException: ERROR Server Exception: sessionId should not be null; has this session been started yet?
	at com.thoughtworks.selenium.HttpCommandProcessor.throwAssertionFailureExceptionOrError(HttpCommandProcessor.java:97)
	at com.thoughtworks.selenium.HttpCommandProcessor.doCommand(HttpCommandProcessor.java:91)
	at com.thoughtworks.selenium.HttpCommandProcessor.getString(HttpCommandProcessor.java:262)
	at com.thoughtworks.selenium.DefaultSelenium.getCookieByName(DefaultSelenium.java:647)
	at aero.nettracer.web.utility.SeleniumTestBrowserDefault.stopBrowser(Unknown Source)
	at aero.nettracer.web.defaul.testing.TestJetBlue.oneTimeTearDown(Unknown Source)
</error>
  </testcase>
  <system-out><![CDATA[Port set to: 4446
15:01:02.821 INFO - Java: Sun Microsystems Inc. 20.14-b01
15:01:02.822 INFO - OS: Windows 7 6.1 amd64
15:01:02.824 INFO - v2.0 [a2], with Core v2.0 [a2]
15:01:02.928 INFO - RemoteWebDriver instances should connect to: http://127.0.0.1:4446/wd/hub
15:01:02.929 INFO - Version Jetty/5.1.x
15:01:02.930 INFO - Started HttpContext[/selenium-server/driver,/selenium-server/driver]
15:01:02.931 INFO - Started HttpContext[/selenium-server,/selenium-server]
15:01:02.931 INFO - Started HttpContext[/,/]
15:01:02.961 INFO - Started org.openqa.jetty.jetty.servlet.ServletHandler@1c5dd582
15:01:02.961 INFO - Started HttpContext[/wd,/wd]
]]></system-out>
  <system-err><![CDATA[15:01:02.963 WARN - Failed to start: SocketListener0@0.0.0.0:4446
java.net.BindException: Selenium is already running on port 4446. Or some other service is.
	at org.openqa.selenium.server.SeleniumServer.start(SeleniumServer.java:399)
	at aero.nettracer.web.utility.SeleniumTestBrowserDefault.initBrowser(Unknown Source)
	at aero.nettracer.web.defaul.testing.TestJetBlue.oneTimeSetUp(Unknown Source)
	at sun.reflect.NativeMethodAccessorImpl.invoke0(Native Method)
	at sun.reflect.NativeMethodAccessorImpl.invoke(NativeMethodAccessorImpl.java:39)
	at sun.reflect.DelegatingMethodAccessorImpl.invoke(DelegatingMethodAccessorImpl.java:25)
	at java.lang.reflect.Method.invoke(Method.java:597)
	at org.junit.runners.model.FrameworkMethod$1.runReflectiveCall(FrameworkMethod.java:45)
	at org.junit.internal.runners.model.ReflectiveCallable.run(ReflectiveCallable.java:15)
	at org.junit.runners.model.FrameworkMethod.invokeExplosively(FrameworkMethod.java:42)
	at org.junit.internal.runners.statements.RunBefores.evaluate(RunBefores.java:27)
	at org.junit.internal.runners.statements.RunAfters.evaluate(RunAfters.java:30)
	at org.junit.runners.ParentRunner.run(ParentRunner.java:300)
	at junit.framework.JUnit4TestAdapter.run(JUnit4TestAdapter.java:39)
	at org.apache.tools.ant.taskdefs.optional.junit.JUnitTestRunner.run(JUnitTestRunner.java:520)
	at org.apache.tools.ant.taskdefs.optional.junit.JUnitTestRunner.launch(JUnitTestRunner.java:1060)
	at org.apache.tools.ant.taskdefs.optional.junit.JUnitTestRunner.main(JUnitTestRunner.java:911)
]]></system-err>
</testsuite>
